sourcing D:\Microsemi\Libero_SoC_v11.7\Synplify\lib\message_override.tcl


Starting:    D:\Microsemi\Libero_SoC_v11.7\Synplify\bin64\mbin\synbatch.exe
Install:     D:\Microsemi\Libero_SoC_v11.7\Synplify
Hostname:    PCLIP3
Date:        Thu Apr 07 16:17:36 2016
Version:     J-2015.03M-SP1-2

Arguments:   -product synplify_pro -licensetype synplifypro_actel -batch -log synplify.log TDR_syn.tcl
ProductType: synplify_pro

License checkout: synplifypro_actel
License: synplifypro_actel from server lxlicen08 
Licensed Vendor: actel
License Option: actel_oem

Running in Vendor Mode


auto_infer_blackbox is not supported in current product.

log file: "D:\DropAli\Dropbox\Documents\Projects\Firmware\Source\ctpps-usb\synthesis\TDR.srr"

Running: synthesis in foreground



Running TDR_syn|synthesis


Running: compile (Compile) on TDR_syn|synthesis


Running: compile_flow (Compile Process) on TDR_syn|synthesis


Running: compiler (Compile Input) on TDR_syn|synthesis

Copied D:\DropAli\Dropbox\Documents\Projects\Firmware\Source\ctpps-usb\synthesis\synwork\TDR_comp.srs to D:\DropAli\Dropbox\Documents\Projects\Firmware\Source\ctpps-usb\synthesis\TDR.srs


compiler Completed
Return Code: 0
Run Time:0h:00m:04s


Running: multi_srs_gen (Multi-srs Generator) on TDR_syn|synthesis

Copied D:\DropAli\Dropbox\Documents\Projects\Firmware\Source\ctpps-usb\synthesis\synwork\TDR_comp.srs to D:\DropAli\Dropbox\Documents\Projects\Firmware\Source\ctpps-usb\synthesis\synwork\TDR_s.srs


multi_srs_gen Completed
Return Code: 0
Run Time:0h:00m:01s

Copied D:\DropAli\Dropbox\Documents\Projects\Firmware\Source\ctpps-usb\synthesis\synwork\TDR_mult.srs to D:\DropAli\Dropbox\Documents\Projects\Firmware\Source\ctpps-usb\synthesis\TDR.srs

Complete: Compile Process on TDR_syn|synthesis


Running: premap (Pre-mapping) on TDR_syn|synthesis

Copied D:\DropAli\Dropbox\Documents\Projects\Firmware\Source\ctpps-usb\synthesis\TDR.sap to D:\DropAli\Dropbox\Documents\Projects\Firmware\Source\ctpps-usb\synthesis\synwork\TDR_s.sap

Copied D:\DropAli\Dropbox\Documents\Projects\Firmware\Source\ctpps-usb\synthesis\TDR.fse to D:\DropAli\Dropbox\Documents\Projects\Firmware\Source\ctpps-usb\synthesis\synwork\TDR_s.fse


premap Completed with warnings
Return Code: 1
Run Time:0h:00m:01s

Complete: Compile on TDR_syn|synthesis


Running: map (Map) on TDR_syn|synthesis


Running: fpga_mapper (Map & Optimize) on TDR_syn|synthesis

Copied D:\DropAli\Dropbox\Documents\Projects\Firmware\Source\ctpps-usb\synthesis\synwork\TDR_m.srm to D:\DropAli\Dropbox\Documents\Projects\Firmware\Source\ctpps-usb\synthesis\TDR.srm


fpga_mapper Completed with warnings
Return Code: 1
Run Time:0h:00m:04s

Complete: Map on TDR_syn|synthesis

Complete: Logic Synthesis on TDR_syn|synthesis

TCL script complete: "TDR_syn.tcl"

exit status=0

exit status=0

License checkin: synplifypro_actel

