Resource Usage Report for TDR 

Mapping to part: m2s150fc1152std
Cell usage:
CLKINT          1 use
CFG1           7 uses
CFG2           99 uses
CFG3           110 uses
CFG4           171 uses

Carry primitives used for arithmetic functions:
ARI1           34 uses


Sequential Cells: 
SLE            240 uses

DSP Blocks:    0

I/O ports: 250
I/O primitives: 90
BIBUF          16 uses
INBUF          13 uses
OUTBUF         32 uses
TRIBUFF        29 uses


Global Clock Buffers: 1


Total LUTs:    421

Extra resources required for RAM and MACC interface logic during P&R:

RAM64x18 Interface Logic : SLEs = 0; LUTs = 0;
RAM1K18  Interface Logic : SLEs = 0; LUTs = 0;
MACC     Interface Logic : SLEs = 0; LUTs = 0;

Total number of SLEs after P&R:  240 + 0 + 0 + 0 = 240;
Total number of LUTs after P&R:  421 + 0 + 0 + 0 = 421;

