*****************************************************************
Pin Report - Date: Fri Mar 04 13:33:45 2016 Pinchecksum: NOT-AVAILABLE
Product: Designer
Release: v11.7
Version: 11.7.0.119
Design Name: TDR
Family: SmartFusion2
Die: M2S150
Package: 1152 FC
*****************************************************************

Number |Port     |Function                                     |State      |
-------|---------|---------------------------------------------|-----------|
A2                DDRIO82PB2/MDDR_ADDR14                        Unassigned  
A3                DDRIO86NB2/MDDR_ADDR7                         Unassigned  
A4                VSS                                           Reserved    
A5                DDRIO88NB2/MDDR_ADDR4                         Unassigned  
A6                DDRIO87PB2/MDDR_ADDR5                         Unassigned  
A7                VSS                                           Reserved    
A8                DDRIO97PB2/MDDR_DQ28                          Unassigned  
A9                VSS                                           Reserved    
A10               DDRIO101PB2/MDDR_DQ24                         Unassigned  
A11               VSS                                           Reserved    
A12               DDRIO112PB2/MDDR_DQ10                         Unassigned  
A13               VSS                                           Reserved    
A14               DDRIO115PB2/MDDR_DQ5                          Unassigned  
A15               VSS                                           Reserved    
A16               DDRIO119PB2/MDDR_DQ0                          Unassigned  
A17               VSS                                           Reserved    
A18               DDRIO126NB1/FDDR_ADDR15                       Unassigned  
A19               DDRIO130PB1/FDDR_ODT                          Unassigned  
A20               VSS                                           Reserved    
A21               DDRIO140PB1/FDDR_DQ30                         Unassigned  
A22               VSS                                           Reserved    
A23               DDRIO141PB1/FDDR_DQ28                         Unassigned  
A24               VSS                                           Reserved    
A25               DDRIO147PB1/FDDR_DQ21                         Unassigned  
A26               VSS                                           Reserved    
A27               DDRIO148PB1/FDDR_DM_RDQS2                     Unassigned  
A28               VSS                                           Reserved    
A29               DDRIO162PB1/FDDR_DQ2                          Unassigned  
A30               VSS                                           Reserved    
A31               DDRIO164PB1/FDDR_DQ_ECC1                      Unassigned  
A32               VSS                                           Reserved    
A33               DDRIO165PB1/FDDR_DQ_ECC3                      Unassigned  
AA1               VSS                                           Reserved    
AA2               MSIO17NB6                                     Unassigned  
AA3               MSIO17PB6                                     Unassigned  
AA4               MSIO12PB6                                     Unassigned  
AA5               MSIO12NB6                                     Unassigned  
AA6               VDDI6                                         Reserved    
AA7               MSIO15PB6                                     Unassigned  
AA8               MSIO13PB6                                     Unassigned  
AA9               MSIO13NB6                                     Unassigned  
AA10              MSIO11NB6                                     Unassigned  
AA11              MSIO14NB6                                     Unassigned  
AA12              MSIO14PB6                                     Unassigned  
AA13              VDDI6                                         Reserved    
AA14              VSS                                           Reserved    
AA15              VPP                                           Reserved    
AA16              VSS                                           Reserved    
AA17              VPP                                           Reserved    
AA18              VSS                                           Reserved    
AA19              VPP                                           Reserved    
AA20              VSS                                           Reserved    
AA21              CCC_SW1_PLL_VSSA                              Reserved    
AA22              CCC_SW0_PLL_VSSA                              Reserved    
AA23              CCC_SW0_PLL_VDDA                              Reserved    
AA24              VSS                                           Reserved    
AA25              MSIOD241PB16                                  Unassigned  
AA26              VDDI16                                        Reserved    
AA27              MSIOD238PB16                                  Unassigned  
AA28              MSIOD238NB16                                  Unassigned  
AA29              MSIOD237PB16                                  Unassigned  
AA30              MSIOD237NB16                                  Unassigned  
AA31              VSS                                           Reserved    
AA32              MSIOD228PB16                                  Unassigned  
AA33              MSIOD225PB16                                  Unassigned  
AA34              MSIOD225NB16                                  Unassigned  
AB1               MSIO16NB6                                     Unassigned  
AB2               MSIO16PB6                                     Unassigned  
AB3               MSIO10NB6                                     Unassigned  
AB4               VSS                                           Reserved    
AB5               MSIO7PB6                                      Unassigned  
AB6               MSIO7NB6                                      Unassigned  
AB7               MSIO8NB6                                      Unassigned  
AB8               MSIO8PB6                                      Unassigned  
AB9               VDDI6                                         Reserved    
AB10              MSIO11PB6                                     Unassigned  
AB11              CCC_SE1_PLL_VDDA                              Reserved    
AB12              CCC_SE0_PLL_VDDA                              Reserved    
AB13              CCC_SE0_PLL_VSSA                              Reserved    
AB14              VDD                                           Reserved    
AB15              VSS                                           Reserved    
AB16              VDD                                           Reserved    
AB17              VSS                                           Reserved    
AB18              VDD                                           Reserved    
AB19              VSS                                           Reserved    
AB20              VDD                                           Reserved    
AB21              VSS                                           Reserved    
AB22              VDDI15                                        Reserved    
AB23              MSIOD251NB15                                  Unassigned  
AB24              MSIOD251PB15                                  Unassigned  
AB25              MSIOD246PB15                                  Unassigned  
AB26              MSIOD246NB15                                  Unassigned  
AB27              MSIOD245NB15                                  Unassigned  
AB28              VSS                                           Reserved    
AB29              MSIOD242PB16                                  Unassigned  
AB30              MSIOD242NB16                                  Unassigned  
AB31              MSIOD236PB16                                  Unassigned  
AB32              MSIOD236NB16                                  Unassigned  
AB33              VDDI16                                        Reserved    
AB34              MSIOD232NB16                                  Unassigned  
AC1               MSIO9NB6                                      Unassigned  
AC2               VDDI6                                         Reserved    
AC3               MSIO10PB6                                     Unassigned  
AC4               MSIO6NB6                                      Unassigned  
AC5               MSIO6PB6                                      Unassigned  
AC6               FLASH_GOLDEN_N                                Reserved    
AC7               VSS                                           Reserved    
AC8               MSIO3NB6                                      Unassigned  
AC9               MSIO3PB6                                      Unassigned  
AC10              SC_SPI_SS                                     Reserved    
AC11              SC_SPI_SDO                                    Reserved    
AC12              CCC_SE1_PLL_VSSA                              Reserved    
AC13              VDD                                           Reserved    
AC14              VSS                                           Reserved    
AC15              VDD                                           Reserved    
AC16              VSS                                           Reserved    
AC17              VDD                                           Reserved    
AC18              VSS                                           Reserved    
AC19              VDD                                           Reserved    
AC20              VSS                                           Reserved    
AC21              VDD                                           Reserved    
AC22              VSS                                           Reserved    
AC23              MSIOD258NB15                                  Unassigned  
AC24              MSIOD258PB15                                  Unassigned  
AC25              MSIOD253PB15                                  Unassigned  
AC26              MSIOD253NB15                                  Unassigned  
AC27              MSIOD245PB15                                  Unassigned  
AC28              MSIOD243PB16                                  Unassigned  
AC29              MSIOD243NB16                                  Unassigned  
AC30              VDDI16                                        Reserved    
AC31              MSIOD240NB16                                  Unassigned  
AC32              MSIOD233PB16                                  Unassigned  
AC33              MSIOD233NB16                                  Unassigned  
AC34              MSIOD232PB16                                  Unassigned  
AD1               MSIO9PB6                                      Unassigned  
AD2               MSIO5NB6                                      Unassigned  
AD3               MSIO5PB6                                      Unassigned  
AD4               MSIO4NB6                                      Unassigned  
AD5               VDDI6                                         Reserved    
AD6               VDDI8                                         Reserved    
AD7               MSIO289NB8                                    Unassigned  
AD8               SC_SPI_SDI                                    Reserved    
AD9               SC_SPI_CLK                                    Reserved    
AD10              VSS                                           Reserved    
AD11              VSS                                           Reserved    
AD12              VDD                                           Reserved    
AD13              VSS                                           Reserved    
AD14              VDD                                           Reserved    
AD15              VSS                                           Reserved    
AD16              VDD                                           Reserved    
AD17              VSS                                           Reserved    
AD18              VDD                                           Reserved    
AD19              VSS                                           Reserved    
AD20              VDD                                           Reserved    
AD21              VSS                                           Reserved    
AD22              VDD                                           Reserved    
AD23              VSS                                           Reserved    
AD24              MSIOD261PB15                                  Unassigned  
AD25              MSIOD261NB15                                  Unassigned  
AD26              MSIOD259NB15                                  Unassigned  
AD27              VDDI15                                        Reserved    
AD28              MSIOD249PB15                                  Unassigned  
AD29              MSIOD249NB15                                  Unassigned  
AD30              MSIOD250NB15                                  Unassigned  
AD31              MSIOD240PB16                                  Unassigned  
AD32              VSS                                           Reserved    
AD33              MSIOD239PB16                                  Unassigned  
AD34              MSIOD239NB16                                  Unassigned  
AE1               JTAG_TDI/M3_TDI                               Reserved    
AE2               JTAG_TMS/M3_TMS/M3_SWDIO                      Reserved    
AE3               VSS                                           Reserved    
AE4               MSIO4PB6                                      Unassigned  
AE5     DEVRST_N  DEVRST_N                                      Dedicated   
AE6               MSIO288PB8                                    Unassigned  
AE7               MSIO289PB8                                    Unassigned  
AE8               VSS                                           Reserved    
AE9               VSS                                           Reserved    
AE10              VSS                                           Reserved    
AE11              VDD                                           Reserved    
AE12              VSS                                           Reserved    
AE13              VDD                                           Reserved    
AE14              VSS                                           Reserved    
AE15              VDD                                           Reserved    
AE16              VSS                                           Reserved    
AE17              MSIO275PB11/CCC_SE0_CLKI2                     Special     
AE18              VSS                                           Reserved    
AE19              VDD                                           Reserved    
AE20              VSS                                           Reserved    
AE21              VDD                                           Reserved    
AE22              VSS                                           Reserved    
AE23              VDD                                           Reserved    
AE24              VSS                                           Reserved    
AE25              VSS                                           Reserved    
AE26              MSIOD259PB15                                  Unassigned  
AE27              MSIOD257NB15                                  Unassigned  
AE28              MSIOD256NB15                                  Unassigned  
AE29              VSS                                           Reserved    
AE30              MSIOD250PB15                                  Unassigned  
AE31              MSIOD247PB15                                  Unassigned  
AE32              MSIOD247NB15                                  Unassigned  
AE33              MSIOD248NB15                                  Unassigned  
AE34              VDDI15                                        Reserved    
AF1               VDDI7                                         Reserved    
AF2               JTAG_TDO/M3_TDO/M3_SWO                        Reserved    
AF3               JTAG_TCK/M3_TCK                               Reserved    
AF4               VSS                                           Reserved    
AF5               MSIO288NB8                                    Unassigned  
AF6               VSS                                           Reserved    
AF7               MSIO284NB8                                    Unassigned  
AF8               VSS                                           Reserved    
AF9               VSS                                           Reserved    
AF10              VPP                                           Reserved    
AF11              VSS                                           Reserved    
AF12              VDD                                           Reserved    
AF13              VSS                                           Reserved    
AF14              VDD                                           Reserved    
AF15              VSS                                           Reserved    
AF16              MSIO276PB11/GB11/CCC_SE0_CLKI3                Special     
AF17              MSIO275NB11                                   Unassigned  
AF18              MSIO274PB11/GB7/CCC_SW1_CLKI2                 Special     
AF19              VSS                                           Reserved    
AF20              VDD                                           Reserved    
AF21              VSS                                           Reserved    
AF22              VDD                                           Reserved    
AF23              VSS                                           Reserved    
AF24              VDD                                           Reserved    
AF25              VSS                                           Reserved    
AF26              VSS                                           Reserved    
AF27              MSIOD257PB15                                  Unassigned  
AF28              MSIOD256PB15                                  Unassigned  
AF29              MSIOD260NB15                                  Unassigned  
AF30              MSIOD254PB15                                  Unassigned  
AF31              VDDI15                                        Reserved    
AF32              MSIOD252NB15                                  Unassigned  
AF33              MSIOD248PB15                                  Unassigned  
AF34              MSIOD244NB15                                  Unassigned  
AG1               JTAG_TRSTB/M3_TRSTB                           Reserved    
AG2               JTAGSEL                                       Reserved    
AG3               MSIO287PB8                                    Unassigned  
AG4               MSIO287NB8                                    Unassigned  
AG5               MSIO286NB8                                    Unassigned  
AG6               MSIO286PB8                                    Unassigned  
AG7               MSIO284PB8                                    Unassigned  
AG8               VSS                                           Reserved    
AG9               DNC                                           Reserved    
AG10              VDD                                           Reserved    
AG11              VDD                                           Reserved    
AG12              VSS                                           Reserved    
AG13              VSS                                           Reserved    
AG14              VSS                                           Reserved    
AG15              VDD                                           Reserved    
AG16              MSIO276NB11                                   Unassigned  
AG17              VDDI11                                        Reserved    
AG18              MSIO274NB11/CCC_SW1_CLKI3                     Special     
AG19              VDD                                           Reserved    
AG20              VSS                                           Reserved    
AG21              VDD                                           Reserved    
AG22              VSS                                           Reserved    
AG23              VDD                                           Reserved    
AG24              VSS                                           Reserved    
AG25              DNC                                           Reserved    
AG26              VSS                                           Reserved    
AG27              MSIO267NB14                                   Unassigned  
AG28              MSIO263NB14                                   Unassigned  
AG29              MSIO263PB14                                   Unassigned  
AG30              MSIOD260PB15                                  Unassigned  
AG31              MSIOD254NB15                                  Unassigned  
AG32              MSIOD252PB15                                  Unassigned  
AG33              VSS                                           Reserved    
AG34              MSIOD244PB15                                  Unassigned  
AH1               XTLOSC_AUX_EXTAL                              Reserved    
AH2               VSS                                           Reserved    
AH3               MSIO285NB8                                    Unassigned  
AH4               VDDI8                                         Reserved    
AH5               MSIO283NB8                                    Unassigned  
AH6               MSIO283PB8                                    Unassigned  
AH7               VDDI8                                         Reserved    
AH8               VSS                                           Reserved    
AH9               VSS                                           Reserved    
AH10              DNC                                           Reserved    
AH11              VSS                                           Reserved    
AH12              VPP                                           Reserved    
AH13              DNC                                           Reserved    
AH14              VSS                                           Reserved    
AH15              VDD                                           Reserved    
AH16              DNC                                           Reserved    
AH17              User Reserved                                 Unassigned  
AH18              VSS                                           Reserved    
AH19              DNC                                           Reserved    
AH20              VSS                                           Reserved    
AH21              VSS                                           Reserved    
AH22              DNC                                           Reserved    
AH23              VSS                                           Reserved    
AH24              VPP                                           Reserved    
AH25              DNC                                           Reserved    
AH26              VSS                                           Reserved    
AH27              VDDI14                                        Reserved    
AH28              MSIO267PB14/CCC_SW0_CLKI2                     Special     
AH29              MSIO266PB14                                   Unassigned  
AH30              MSIO265NB14                                   Unassigned  
AH31              MSIO265PB14                                   Unassigned  
AH32              MSIO264PB14                                   Unassigned  
AH33              MSIOD255PB15                                  Unassigned  
AH34              MSIOD255NB15                                  Unassigned  
AJ1               XTLOSC_AUX_XTAL                               Reserved    
AJ2               MSIO285PB8                                    Unassigned  
AJ3               MSIO282NB8                                    Unassigned  
AJ4               MSIO282PB8/CCC_SE1_CLKI3                      Special     
AJ5               MSIO281NB8                                    Unassigned  
AJ6               MSIO281PB8/GB15/CCC_SE1_CLKI2                 Special     
AJ7               VSS                                           Reserved    
AJ8               MSIOD280PB9                                   Unassigned  
AJ9               VDDI9                                         Reserved    
AJ10              MSIOD279PB9                                   Unassigned  
AJ11              VSS                                           Reserved    
AJ12              MSIOD278NB10                                  Unassigned  
AJ13              VDDI10                                        Reserved    
AJ14              MSIOD277NB10                                  Unassigned  
AJ15              VSS                                           Reserved    
AJ16              VSS                                           Reserved    
AJ17              User Reserved                                 Unassigned  
AJ18              VPP                                           Reserved    
AJ19              VSS                                           Reserved    
AJ20              MSIOD272PB12                                  Unassigned  
AJ21              VDDI12                                        Reserved    
AJ22              MSIOD271PB12                                  Unassigned  
AJ23              VSS                                           Reserved    
AJ24              MSIOD270PB13                                  Unassigned  
AJ25              VDDI13                                        Reserved    
AJ26              MSIOD269PB13                                  Unassigned  
AJ27              VSS                                           Reserved    
AJ28              MSIO268NB14                                   Unassigned  
AJ29              MSIO268PB14/GB3/CCC_SW0_CLKI3                 Special     
AJ30              MSIO266NB14                                   Unassigned  
AJ31              VDDI14                                        Reserved    
AJ32              MSIO264NB14                                   Unassigned  
AJ33              MSIO262NB14                                   Unassigned  
AJ34              MSIO262PB14                                   Unassigned  
AK1               XTLOSC_MAIN_EXTAL                             Reserved    
AK2               VSS                                           Reserved    
AK3               VSS                                           Reserved    
AK4               VSS                                           Reserved    
AK5               VSS                                           Reserved    
AK6               VSS                                           Reserved    
AK7               VSS                                           Reserved    
AK8               MSIOD280NB9                                   Unassigned  
AK9               VSS                                           Reserved    
AK10              MSIOD279NB9                                   Unassigned  
AK11              VSS                                           Reserved    
AK12              MSIOD278PB10                                  Unassigned  
AK13              VSS                                           Reserved    
AK14              MSIOD277PB10                                  Unassigned  
AK15              VSS                                           Reserved    
AK16              VSS                                           Reserved    
AK17              VSS                                           Reserved    
AK18              VSS                                           Reserved    
AK19              VSS                                           Reserved    
AK20              MSIOD272NB12                                  Unassigned  
AK21              VSS                                           Reserved    
AK22              MSIOD271NB12                                  Unassigned  
AK23              VSS                                           Reserved    
AK24              MSIOD270NB13                                  Unassigned  
AK25              VSS                                           Reserved    
AK26              MSIOD269NB13                                  Unassigned  
AK27              VSS                                           Reserved    
AK28              VSS                                           Reserved    
AK29              VSS                                           Reserved    
AK30              VSS                                           Reserved    
AK31              VSS                                           Reserved    
AK32              VSS                                           Reserved    
AK33              VSS                                           Reserved    
AK34              VSS                                           Reserved    
AL1               XTLOSC_MAIN_XTAL                              Reserved    
AL2               VSS                                           Reserved    
AL3               VSS                                           Reserved    
AL4               VSS                                           Reserved    
AL5               VSS                                           Reserved    
AL6               VSS                                           Reserved    
AL7               VSS                                           Reserved    
AL8               VSS                                           Reserved    
AL9               VSS                                           Reserved    
AL10              VSS                                           Reserved    
AL11              VSS                                           Reserved    
AL12              VSS                                           Reserved    
AL13              VSS                                           Reserved    
AL14              VSS                                           Reserved    
AL15              VSS                                           Reserved    
AL16              VSS                                           Reserved    
AL17              VSS                                           Reserved    
AL18              VSS                                           Reserved    
AL19              VSS                                           Reserved    
AL20              VSS                                           Reserved    
AL21              VSS                                           Reserved    
AL22              VSS                                           Reserved    
AL23              VSS                                           Reserved    
AL24              VSS                                           Reserved    
AL25              VSS                                           Reserved    
AL26              VSS                                           Reserved    
AL27              VSS                                           Reserved    
AL28              VSS                                           Reserved    
AL29              VSS                                           Reserved    
AL30              VSS                                           Reserved    
AL31              VSS                                           Reserved    
AL32              VSS                                           Reserved    
AL33              VSS                                           Reserved    
AL34              VSS                                           Reserved    
AM1               VSS                                           Reserved    
AM2               VSS                                           Reserved    
AM3               VSS                                           Reserved    
AM4               VSS                                           Reserved    
AM5               VSS                                           Reserved    
AM6               VSS                                           Reserved    
AM7               VSS                                           Reserved    
AM8               VSS                                           Reserved    
AM9               VSS                                           Reserved    
AM10              VSS                                           Reserved    
AM11              VSS                                           Reserved    
AM12              VSS                                           Reserved    
AM13              VSS                                           Reserved    
AM14              VSS                                           Reserved    
AM15              VSS                                           Reserved    
AM16              VSS                                           Reserved    
AM17              VSS                                           Reserved    
AM18              VSS                                           Reserved    
AM19              VSS                                           Reserved    
AM20              VSS                                           Reserved    
AM21              VSS                                           Reserved    
AM22              VSS                                           Reserved    
AM23              VSS                                           Reserved    
AM24              VSS                                           Reserved    
AM25              VSS                                           Reserved    
AM26              VSS                                           Reserved    
AM27              VSS                                           Reserved    
AM28              VSS                                           Reserved    
AM29              VSS                                           Reserved    
AM30              VSS                                           Reserved    
AM31              VSS                                           Reserved    
AM32              VSS                                           Reserved    
AM33              VSS                                           Reserved    
AM34              VSS                                           Reserved    
AN1               VSS                                           Reserved    
AN2               DNC                                           Reserved    
AN3               VSS                                           Reserved    
AN4               DNC                                           Reserved    
AN5               VSS                                           Reserved    
AN6               DNC                                           Reserved    
AN7               VSS                                           Reserved    
AN8               DNC                                           Reserved    
AN9               VSS                                           Reserved    
AN10              DNC                                           Reserved    
AN11              VSS                                           Reserved    
AN12              DNC                                           Reserved    
AN13              VSS                                           Reserved    
AN14              DNC                                           Reserved    
AN15              VSS                                           Reserved    
AN16              DNC                                           Reserved    
AN17              VSS                                           Reserved    
AN18              DNC                                           Reserved    
AN19              VSS                                           Reserved    
AN20              DNC                                           Reserved    
AN21              VSS                                           Reserved    
AN22              DNC                                           Reserved    
AN23              VSS                                           Reserved    
AN24              DNC                                           Reserved    
AN25              VSS                                           Reserved    
AN26              DNC                                           Reserved    
AN27              VSS                                           Reserved    
AN28              DNC                                           Reserved    
AN29              VSS                                           Reserved    
AN30              DNC                                           Reserved    
AN31              VSS                                           Reserved    
AN32              DNC                                           Reserved    
AN33              VSS                                           Reserved    
AN34              VSS                                           Reserved    
AP2               DNC                                           Reserved    
AP3               VSS                                           Reserved    
AP4               DNC                                           Reserved    
AP5               VSS                                           Reserved    
AP6               DNC                                           Reserved    
AP7               VSS                                           Reserved    
AP8               DNC                                           Reserved    
AP9               VSS                                           Reserved    
AP10              DNC                                           Reserved    
AP11              VSS                                           Reserved    
AP12              DNC                                           Reserved    
AP13              VSS                                           Reserved    
AP14              DNC                                           Reserved    
AP15              VSS                                           Reserved    
AP16              DNC                                           Reserved    
AP17              VSS                                           Reserved    
AP18              DNC                                           Reserved    
AP19              VSS                                           Reserved    
AP20              DNC                                           Reserved    
AP21              VSS                                           Reserved    
AP22              DNC                                           Reserved    
AP23              VSS                                           Reserved    
AP24              DNC                                           Reserved    
AP25              VSS                                           Reserved    
AP26              DNC                                           Reserved    
AP27              VSS                                           Reserved    
AP28              DNC                                           Reserved    
AP29              VSS                                           Reserved    
AP30              DNC                                           Reserved    
AP31              VSS                                           Reserved    
AP32              DNC                                           Reserved    
AP33              VSS                                           Reserved    
B1                VSS                                           Reserved    
B2                DDRIO82NB2/MDDR_ADDR15                        Unassigned  
B3                DDRIO86PB2/MDDR_ODT                           Unassigned  
B4                DDRIO88PB2/MDDR_ADDR3                         Unassigned  
B5                DDRIO87NB2/MDDR_ADDR6                         Unassigned  
B6                DDRIO89PB2/MDDR_ADDR1                         Unassigned  
B7                VDDI2                                         Reserved    
B8                DDRIO97NB2/MDDR_DQ29                          Unassigned  
B9                VDDI2                                         Reserved    
B10               DDRIO101NB2/MDDR_DQ25                         Unassigned  
B11               VDDI2                                         Reserved    
B12               DDRIO112NB2/MDDR_DQ11                         Unassigned  
B13               VDDI2                                         Reserved    
B14               DDRIO115NB2/MDDR_DQ6                          Unassigned  
B15               VDDI2                                         Reserved    
B16               DDRIO119NB2/MDDR_DQ1                          Unassigned  
B17               VDDI2                                         Reserved    
B18               DDRIO126PB1/FDDR_ADDR14                       Unassigned  
B19               DDRIO130NB1/FDDR_ADDR7                        Unassigned  
B20               VDDI1                                         Reserved    
B21               DDRIO140NB1/FDDR_DQ31                         Unassigned  
B22               VDDI1                                         Reserved    
B23               DDRIO141NB1/FDDR_DQ29                         Unassigned  
B24               VDDI1                                         Reserved    
B25               DDRIO147NB1/FDDR_DQ22                         Unassigned  
B26               VDDI1                                         Reserved    
B27               DDRIO148NB1/FDDR_DQ20                         Unassigned  
B28               VDDI1                                         Reserved    
B29               DDRIO162NB1/FDDR_DQ3                          Unassigned  
B30               VDDI1                                         Reserved    
B31               DDRIO164NB1/FDDR_DQ_ECC0                      Unassigned  
B32               VDDI1                                         Reserved    
B33               DDRIO165NB1/FDDR_DQ_ECC2                      Unassigned  
B34               VSS                                           Reserved    
C1                DDRIO84NB2/MDDR_ADDR11                        Unassigned  
C2                DDRIO84PB2/MDDR_ADDR10                        Unassigned  
C3                VDDI2                                         Reserved    
C4                DDRIO83NB2/MDDR_ADDR13                        Unassigned  
C5                DDRIO92PB2/MDDR_CLK                           Unassigned  
C6                DDRIO89NB2/MDDR_ADDR2                         Unassigned  
C7                DDRIO96PB2/MDDR_DQ30                          Unassigned  
C8                DDRIO99NB2/MDDR_DQS3_N                        Unassigned  
C9                DDRIO99PB2/MDDR_DQS3                          Unassigned  
C10               DDRIO100PB2/MDDR_DQ26                         Unassigned  
C11               DDRIO111NB2/MDDR_DQS1_N                       Unassigned  
C12               DDRIO111PB2/MDDR_DQS1                         Unassigned  
C13               DDRIO113PB2/MDDR_DQ8                          Unassigned  
C14               DDRIO117NB2/MDDR_DQS0_N                       Unassigned  
C15               DDRIO117PB2/MDDR_DQS0                         Unassigned  
C16               DDRIO118PB2/MDDR_DQ2                          Unassigned  
C17               DDRIO121PB2/MDDR_DQ_ECC3                      Unassigned  
C18               VDDI1                                         Reserved    
C19               DDRIO131NB1/FDDR_ADDR6                        Unassigned  
C20               DDRIO134NB1/FDDR_ADDR0                        Unassigned  
C21               DDRIO143NB1/FDDR_DQS3_N                       Unassigned  
C22               DDRIO143PB1/FDDR_DQS3                         Unassigned  
C23               DDRIO144NB1/FDDR_DQ27                         Unassigned  
C24               DDRIO144PB1/FDDR_DQ26                         Unassigned  
C25               DDRIO146PB1/FDDR_DQ23                         Unassigned  
C26               DDRIO149NB1/FDDR_DQS2_N                       Unassigned  
C27               DDRIO151NB1/FDDR_DQ17                         Unassigned  
C28               DDRIO151PB1/FDDR_DQ16                         Unassigned  
C29               DDRIO161NB1/FDDR_DQS0_N                       Unassigned  
C30               DDRIO161PB1/FDDR_DQS0                         Unassigned  
C31               DDRIO167NB1/FDDR_DQS_ECC_N                    Unassigned  
C32               DDRIO167PB1/FDDR_DQS_ECC                      Unassigned  
C33               FDDR_IMP_CALIB                                Reserved    
C34               MSIO180NB18                                   Unassigned  
D1                MSIO62NB3/USB_NXT_D                           Unassigned  
D2                DDRIO85NB2/MDDR_ADDR9                         Unassigned  
D3                DDRIO85PB2/MDDR_ADDR8                         Unassigned  
D4                DDRIO83PB2/MDDR_ADDR12                        Unassigned  
D5                DDRIO92NB2/MDDR_CLK_N                         Unassigned  
D6                VSS                                           Reserved    
D7                DDRIO96NB2/MDDR_DQ31                          Unassigned  
D8                VSS                                           Reserved    
D9                DDRIO100NB2/MDDR_DQ27                         Unassigned  
D10               VSS                                           Reserved    
D11               DDRIO109PB2/MDDR_DQ12                         Unassigned  
D12               VSS                                           Reserved    
D13               DDRIO113NB2/MDDR_DQ9                          Unassigned  
D14               VSS                                           Reserved    
D15               DDRIO118NB2/MDDR_DQ3                          Unassigned  
D16               VSS                                           Reserved    
D17               DDRIO121NB2/MDDR_DQ_ECC2                      Unassigned  
D18               DDRIO127PB1/FDDR_ADDR12                       Unassigned  
D19               DDRIO131PB1/FDDR_ADDR5                        Unassigned  
D20               DDRIO134PB1/FDDR_BA2                          Unassigned  
D21               VSS                                           Reserved    
D22               DDRIO145PB1/FDDR_DQ24                         Unassigned  
D23               VSS                                           Reserved    
D24               DDRIO146NB1/FDDR_TMATCH_1_OUT                 Unassigned  
D25               VSS                                           Reserved    
D26               DDRIO149PB1/FDDR_DQS2                         Unassigned  
D27               VSS                                           Reserved    
D28               DDRIO159PB1/FDDR_DQ5                          Unassigned  
D29               VSS                                           Reserved    
D30               DDRIO163NB1/FDDR_DQ1                          Unassigned  
D31               VSS                                           Reserved    
D32               DDRIO169NB1                                   Unassigned  
D33               MSIO176NB18                                   Unassigned  
D34               MSIO180PB18                                   Unassigned  
E1                MSIO62PB3/USB_STP_D                           Unassigned  
E2                MSIO74PB3/USB_XCLK_C                          Unassigned  
E3                MSIO74NB3/MMUART_1_TXD/GPIO_24_B/USB_DATA2_C  Unassigned  
E4                VSS                                           Reserved    
E5                DDRIO91PB2/MDDR_BA0                           Unassigned  
E6                DDRIO90NB2/MDDR_ADDR0                         Unassigned  
E7                DDRIO95PB2/MDDR_RAS_N                         Unassigned  
E8                VDDI2                                         Reserved    
E9                DDRIO98PB2/MDDR_TMATCH_1_IN                   Unassigned  
E10               VDDI2                                         Reserved    
E11               DDRIO109NB2/MDDR_DQ13                         Unassigned  
E12               VDDI2                                         Reserved    
E13               DDRIO114NB2/MDDR_TMATCH_0_OUT                 Unassigned  
E14               VDDI2                                         Reserved    
E15               DDRIO116NB2/MDDR_DQ4                          Unassigned  
E16               VDDI2                                         Reserved    
E17               DDRIO123NB2/MDDR_DQS_ECC_N                    Unassigned  
E18               DDRIO127NB1/FDDR_ADDR13                       Unassigned  
E19               VSS                                           Reserved    
E20               DDRIO136PB1/FDDR_CLK                          Unassigned  
E21               VDDI1                                         Reserved    
E22               DDRIO145NB1/FDDR_DQ25                         Unassigned  
E23               VDDI1                                         Reserved    
E24               DDRIO142PB1/FDDR_TMATCH_1_IN                  Unassigned  
E25               VDDI1                                         Reserved    
E26               DDRIO150NB1/FDDR_DQ19                         Unassigned  
E27               VDDI1                                         Reserved    
E28               DDRIO159NB1/FDDR_DQ6                          Unassigned  
E29               VDDI1                                         Reserved    
E30               DDRIO163PB1/FDDR_DQ0                          Unassigned  
E31               DDRIO169PB1/FDDR_TMATCH_ECC_OUT               Unassigned  
E32               MSIO172NB0                                    Unassigned  
E33               MSIO176PB18                                   Unassigned  
E34               VDDI18                                        Reserved    
F1                VDDI3                                         Reserved    
F2                MSIO73PB3/MMUART_1_RI/GPIO_15_B               Unassigned  
F3                MSIO73NB3/MMUART_1_DCD/GPIO_16_B              Unassigned  
F4                MSIO79PB3                                     Unassigned  
F5                DDRIO91NB2/MDDR_BA1                           Unassigned  
F6                DDRIO90PB2/MDDR_BA2                           Unassigned  
F7                DDRIO95NB2/MDDR_WE_N                          Unassigned  
F8                DDRIO98NB2/MDDR_DM_RDQS3                      Unassigned  
F9                DDRIO102NB2/MDDR_TMATCH_1_OUT                 Unassigned  
F10               DDRIO108NB2/MDDR_DQ15                         Unassigned  
F11               DDRIO108PB2/MDDR_DQ14                         Unassigned  
F12               DDRIO110NB2/MDDR_DM_RDQS1                     Unassigned  
F13               DDRIO110PB2/MDDR_TMATCH_0_IN                  Unassigned  
F14               DDRIO114PB2/MDDR_DQ7                          Unassigned  
F15               DDRIO116PB2/MDDR_DM_RDQS0                     Unassigned  
F16               DDRIO120PB2/MDDR_DQ_ECC1/GB12/CCC_NE1_CLKI2   Special     
F17               DDRIO123PB2/MDDR_DQS_ECC                      Unassigned  
F18               DDRIO128NB1/FDDR_ADDR11                       Unassigned  
F19               DDRIO132NB1/FDDR_ADDR4                        Unassigned  
F20               DDRIO136NB1/FDDR_CLK_N                        Unassigned  
F21               DDRIO137NB1/FDDR_CAS_N                        Unassigned  
F22               DDRIO137PB1/FDDR_RESET_N                      Unassigned  
F23               DDRIO155PB1/FDDR_DQS1                         Unassigned  
F24               DDRIO142NB1/FDDR_DM_RDQS3                     Unassigned  
F25               DDRIO152PB1/FDDR_DQ14                         Unassigned  
F26               DDRIO150PB1/FDDR_DQ18                         Unassigned  
F27               DDRIO158NB1/FDDR_TMATCH_0_OUT                 Unassigned  
F28               DDRIO158PB1/FDDR_DQ7                          Unassigned  
F29               DDRIO160NB1/FDDR_DQ4                          Unassigned  
F30               DDRIO166NB1/FDDR_DM_RDQS_ECC                  Unassigned  
F31               DDRIO166PB1/FDDR_TMATCH_ECC_IN                Unassigned  
F32               MSIO172PB0/GB0/CCC_NW0_CLKI3                  Special     
F33               MSIO185NB18                                   Unassigned  
F34               MSIO185PB18                                   Unassigned  
G1                MSIO61NB3/USB_DIR_D                           Unassigned  
G2                MSIO69PB3/GPIO_7_B                            Unassigned  
G3                MSIO69NB3/GPIO_8_B                            Unassigned  
G4                VDDI3                                         Reserved    
G5                MSIO79NB3/MMUART_0_TXD/GPIO_27_B/USB_DIR_C    Unassigned  
G6                VDDI2                                         Reserved    
G7                DDRIO93NB2/MDDR_CAS_N                         Unassigned  
G8                DDRIO93PB2/MDDR_RESET_N                       Unassigned  
G9                VSS                                           Reserved    
G10               DDRIO102PB2/MDDR_DQ23                         Unassigned  
G11               VSS                                           Reserved    
G12               DDRIO105PB2/MDDR_DQS2                         Unassigned  
G13               VSS                                           Reserved    
G14               DDRIO107PB2/MDDR_DQ16                         Unassigned  
G15               VSS                                           Reserved    
G16               DDRIO120NB2/MDDR_DQ_ECC0/CCC_NE1_CLKI3        Special     
G17               VSS                                           Reserved    
G18               DDRIO129NB1/FDDR_ADDR9                        Unassigned  
G19               DDRIO128PB1/FDDR_ADDR10                       Unassigned  
G20               DDRIO132PB1/FDDR_ADDR3                        Unassigned  
G21               DDRIO135PB1/FDDR_BA0                          Unassigned  
G22               VSS                                           Reserved    
G23               DDRIO155NB1/FDDR_DQS1_N                       Unassigned  
G24               VSS                                           Reserved    
G25               DDRIO152NB1/FDDR_DQ15                         Unassigned  
G26               VSS                                           Reserved    
G27               DDRIO154PB1/FDDR_TMATCH_0_IN                  Unassigned  
G28               VSS                                           Reserved    
G29               DDRIO160PB1/FDDR_DM_RDQS0                     Unassigned  
G30               MSIO171PB0/GB4/CCC_NW1_CLKI2                  Special     
G31               MSIO175NB0                                    Unassigned  
G32               VDDI0                                         Reserved    
G33               VSS                                           Reserved    
G34               MSIO196NB18                                   Unassigned  
H1                MSIO61PB3/USB_XCLK_D                          Unassigned  
H2                VSS                                           Reserved    
H3                MSIO70PB3/GPIO_9_B                            Unassigned  
H4                MSIO70NB3/GPIO_10_B                           Unassigned  
H5                MSIO77PB3/MMUART_0_CTS/GPIO_19_B/USB_DATA7_C  Unassigned  
H6                MSIO77NB3/MMUART_0_DSR/GPIO_20_B              Unassigned  
H7                MSIO80PB3/MMUART_0_RXD/GPIO_28_B/USB_STP_C    Unassigned  
H8                DDRIO94PB2/MDDR_CKE                           Unassigned  
H9                VDDI2                                         Reserved    
H10               DDRIO103PB2/MDDR_DQ21                         Unassigned  
H11               VDDI2                                         Reserved    
H12               DDRIO105NB2/MDDR_DQS2_N                       Unassigned  
H13               VDDI2                                         Reserved    
H14               DDRIO107NB2/MDDR_DQ17                         Unassigned  
H15               VDDI2                                         Reserved    
H16               DDRIO122PB2/MDDR_TMATCH_ECC_IN                Unassigned  
H17               VDDI2                                         Reserved    
H18               DDRIO129PB1/FDDR_ADDR8                        Unassigned  
H19               VSS                                           Reserved    
H20               DDRIO135NB1/FDDR_BA1                          Unassigned  
H21               DDRIO138NB1/FDDR_CS_N                         Unassigned  
H22               VDDI1                                         Reserved    
H23               DDRIO157NB1/FDDR_DQ9                          Unassigned  
H24               VDDI1                                         Reserved    
H25               DDRIO156NB1/FDDR_DQ11                         Unassigned  
H26               VDDI1                                         Reserved    
H27               DDRIO154NB1/FDDR_DM_RDQS1                     Unassigned  
H28               VDDI1                                         Reserved    
H29               MSIO171NB0                                    Unassigned  
H30               VSS                                           Reserved    
H31               MSIO175PB0                                    Unassigned  
H32               MSIO184NB18                                   Unassigned  
H33               MSIO184PB18                                   Unassigned  
H34               MSIO196PB18                                   Unassigned  
J1                MSIO56PB4/SPI_0_SS3/GPIO_10_A/USB_DATA7_A     Unassigned  
J2                MSIO56NB4/SPI_1_SS1/GPIO_14_A                 Unassigned  
J3                MSIO65PB3/USB_DATA4_D                         Unassigned  
J4                MSIO65NB3/USB_DATA5_D                         Unassigned  
J5                VSS                                           Reserved    
J6                MSIO78PB3/MMUART_0_RI/GPIO_21_B               Unassigned  
J7                MSIO78NB3/MMUART_0_DCD/GPIO_22_B              Unassigned  
J8                MSIO80NB3/MMUART_0_CLK/GPIO_29_B/USB_NXT_C    Unassigned  
J9                DDRIO94NB2/MDDR_CS_N                          Unassigned  
J10               DDRIO103NB2/MDDR_DQ22                         Unassigned  
J11               DDRIO104NB2/MDDR_DQ20                         Unassigned  
J12               DDRIO104PB2/MDDR_DM_RDQS2                     Unassigned  
J13               DDRIO106NB2/MDDR_DQ19                         Unassigned  
J14               DDRIO106PB2/MDDR_DQ18                         Unassigned  
J15               DDRIO122NB2/MDDR_DM_RDQS_ECC                  Unassigned  
J16               DDRIO125PB2/MDDR_TMATCH_ECC_OUT               Unassigned  
J17               DDRIO124NB2/GB8/CCC_NE0_CLKI3                 Special     
J18               DDRIO124PB2/CCC_NE0_CLKI2                     Special     
J19               DDRIO133NB1/FDDR_ADDR2                        Unassigned  
J20               DDRIO139PB1/FDDR_RAS_N                        Unassigned  
J21               DDRIO138PB1/FDDR_CKE                          Unassigned  
J22               DDRIO153NB1/FDDR_DQ13                         Unassigned  
J23               DDRIO153PB1/FDDR_DQ12                         Unassigned  
J24               DDRIO157PB1/FDDR_DQ8                          Unassigned  
J25               DDRIO156PB1/FDDR_DQ10                         Unassigned  
J26               DDRIO168NB1                                   Unassigned  
J27               DDRIO168PB1                                   Unassigned  
J28               MSIO170NB0                                    Unassigned  
J29               MSIO170PB0/CCC_NW1_CLKI3                      Special     
J30               MSIO177NB18                                   Unassigned  
J31               MSIO177PB18                                   Unassigned  
J32               VDDI18                                        Reserved    
J33               MSIO194NB18                                   Unassigned  
J34               MSIO194PB18                                   Unassigned  
K1                MSIO47PB4/SPI_0_SDO/GPIO_6_A/USB_STP_A        Unassigned  
K2                MSIO47NB4/SPI_0_SS0/GPIO_7_A/USB_NXT_A        Unassigned  
K3                VDDI4                                         Reserved    
K4                MSIO66PB3/USB_DATA6_D                         Unassigned  
K5                MSIO66NB3/USB_DATA7_D/GPIO_23_B               Unassigned  
K6                MSIO72PB3/GPIO_13_B/MMUART_1_CTS              Unassigned  
K7                MSIO72NB3/MMUART_1_DSR/GPIO_14_B              Unassigned  
K8                VSS                                           Reserved    
K9                MSIO81PB3/I2C_0_SDA/GPIO_30_B/USB_DATA0_C     Unassigned  
K10               MSIO81NB3/I2C_0_SCL/GPIO_31_B/USB_DATA1_C     Unassigned  
K11               MSS_MDDR_PLL_VSSA                             Reserved    
K12               MSS_MDDR_PLL_VDDA                             Reserved    
K13               VSS                                           Reserved    
K14               VDDI2                                         Reserved    
K15               MDDR_IMP_CALIB                                Reserved    
K16               VSS                                           Reserved    
K17               DDRIO125NB2                                   Unassigned  
K18               VSS                                           Reserved    
K19               DDRIO133PB1/FDDR_ADDR1                        Unassigned  
K20               DDRIO139NB1/FDDR_WE_N                         Unassigned  
K21               VSS                                           Reserved    
K22               VDDI1                                         Reserved    
K23               FDDR_PLL_VDDA                                 Reserved    
K24               FDDR_PLL_VSSA                                 Reserved    
K25               VSS                                           Reserved    
K26               VDDI0                                         Reserved    
K27               MSIO173PB0/CCC_NW0_CLKI2                      Special     
K28               MSIO173NB0                                    Unassigned  
K29               VDDI18                                        Reserved    
K30               MSIO179NB18                                   Unassigned  
K31               MSIO179PB18                                   Unassigned  
K32               MSIO187NB18                                   Unassigned  
K33               MSIO187PB18                                   Unassigned  
K34               VSS                                           Reserved    
L1                VSS                                           Reserved    
L2                MSIO51PB4/SPI_1_SDO/GPIO_12_A                 Unassigned  
L3                MSIO51NB4/SPI_1_SS0/GPIO_13_A                 Unassigned  
L4                MSIO59PB4/GPIO_31_A                           Unassigned  
L5                MSIO59NB4/GPIO_0_B                            Unassigned  
L6                VDDI3                                         Reserved    
L7                MSIO68PB3/GPIO_5_B                            Unassigned  
L8                MSIO68NB3/GPIO_6_B                            Unassigned  
L9                MSIO75PB3/MMUART_1_CLK/GPIO_25_B/USB_DATA4_C  Unassigned  
L10               MSIO75NB3/MMUART_1_RXD/GPIO_26_B/USB_DATA3_C  Unassigned  
L11               VSS                                           Reserved    
L12               CCC_NE0_PLL_VSSA                              Reserved    
L13               CCC_NE0_PLL_VDDA                              Reserved    
L14               VSS                                           Reserved    
L15               VDDI2                                         Reserved    
L16               VSS                                           Reserved    
L17               VDDI2                                         Reserved    
L18               VSS                                           Reserved    
L19               VDDI1                                         Reserved    
L20               VSS                                           Reserved    
L21               VDDI1                                         Reserved    
L22               VSS                                           Reserved    
L23               CCC_NW0_PLL_VSSA                              Reserved    
L24               CCC_NW0_PLL_VDDA                              Reserved    
L25               MSIO174PB0                                    Unassigned  
L26               MSIO174NB0                                    Unassigned  
L27               MSIO178NB18                                   Unassigned  
L28               MSIO178PB18                                   Unassigned  
L29               MSIO182NB18                                   Unassigned  
L30               MSIO182PB18                                   Unassigned  
L31               VSS                                           Reserved    
L32               MSIO190NB18                                   Unassigned  
L33               MSIO190PB18                                   Unassigned  
L34               MSIO197NB17                                   Unassigned  
M1                MSIO40NB4                                     Unassigned  
M2                MSIO48PB4/SPI_0_SS4/GPIO_19_A                 Unassigned  
M3                MSIO48NB4/SPI_0_SS5/GPIO_20_A                 Unassigned  
M4                VSS                                           Reserved    
M5                MSIO55NB4/SPI_0_SS2/GPIO_9_A/USB_DATA6_A      Unassigned  
M6                MSIO60PB4/GPIO_1_B                            Unassigned  
M7                MSIO60NB4/GPIO_2_B                            Unassigned  
M8                MSIO63NB3/USB_DATA1_D                         Unassigned  
M9                VDDI3                                         Reserved    
M10               MSIO76PB3/MMUART_0_RTS/GPIO_17_B/USB_DATA5_C  Unassigned  
M11               MSIO76NB3/MMUART_0_DTR/GPIO_18_B/USB_DATA6_C  Unassigned  
M12               CCC_NE1_PLL_VSSA                              Reserved    
M13               CCC_NE1_PLL_VDDA                              Reserved    
M14               VDDI2                                         Reserved    
M15               VSS                                           Reserved    
M16               VDDI2                                         Reserved    
M17               VSS                                           Reserved    
M18               VDDI1                                         Reserved    
M19               VSS                                           Reserved    
M20               VDDI1                                         Reserved    
M21               VSS                                           Reserved    
M22               CCC_NW1_PLL_VSSA                              Reserved    
M23               CCC_NW1_PLL_VDDA                              Reserved    
M24               MSIO181NB18                                   Unassigned  
M25               MSIO181PB18                                   Unassigned  
M26               MSIO183NB18                                   Unassigned  
M27               MSIO183PB18                                   Unassigned  
M28               VSS                                           Reserved    
M29               MSIO188NB18                                   Unassigned  
M30               MSIO188PB18                                   Unassigned  
M31               MSIO191NB18                                   Unassigned  
M32               MSIO191PB18                                   Unassigned  
M33               VDDI17                                        Reserved    
M34               MSIO197PB17                                   Unassigned  
N1                MSIO40PB4/CCC_NE1_CLKI1                       Special     
N2                VDDI4                                         Reserved    
N3                MSIO49NB4/SPI_0_SS7/GPIO_22_A                 Unassigned  
N4                MSIO49PB4/SPI_0_SS6/GPIO_21_A                 Unassigned  
N5                MSIO55PB4/SPI_0_SS1/GPIO_8_A/USB_DATA5_A      Unassigned  
N6                MSIO53NB4/SPI_1_SS7/GPIO_24_A                 Unassigned  
N7                VSS                                           Reserved    
N8                MSIO63PB3/USB_DATA0_D                         Unassigned  
N9                MSIO67PB3/GPIO_3_B                            Unassigned  
N10               MSIO67NB3/GPIO_4_B                            Unassigned  
N11               MSIO71NB3/MMUART_1_DTR/GPIO_12_B              Unassigned  
N12               MSIO71PB3/MMUART_1_RTS/GPIO_11_B              Unassigned  
N13               VDDI3                                         Reserved    
N14               VREF2                                         Reserved    
N15               VDDI2                                         Reserved    
N16               VREF2                                         Reserved    
N17               VREF2                                         Reserved    
N18               VREF1                                         Reserved    
N19               VDDI1                                         Reserved    
N20               VREF1                                         Reserved    
N21               VDDI1                                         Reserved    
N22               VREF1                                         Reserved    
N23               MSIO186PB18                                   Unassigned  
N24               MSIO186NB18                                   Unassigned  
N25               VSS                                           Reserved    
N26               MSIO189NB18                                   Unassigned  
N27               MSIO189PB18                                   Unassigned  
N28               MSIO193NB18                                   Unassigned  
N29               MSIO193PB18                                   Unassigned  
N30               VDDI18                                        Reserved    
N31               MSIO201NB17                                   Unassigned  
N32               MSIO201PB17                                   Unassigned  
N33               MSIO203NB17                                   Unassigned  
N34               MSIO208NB17                                   Unassigned  
P1                MSIO39PB4/CCC_NE0_CLKI1                       Special     
P2                MSIO39NB4                                     Unassigned  
P3                MSIO43PB4                                     Unassigned  
P4                MSIO43NB4/CAN_TX/GPIO_2_A/USB_DATA0_A         Unassigned  
P5                VDDI4                                         Reserved    
P6                MSIO53PB4/SPI_1_SS6/GPIO_23_A                 Unassigned  
P7                MSIO52NB4/SPI_1_SS5/GPIO_18_A                 Unassigned  
P8                MSIO58PB4/GPIO_29_A                           Unassigned  
P9                MSIO58NB4/GPIO_30_A                           Unassigned  
P10               VSS                                           Reserved    
P11               MSIO64NB3/USB_DATA3_D                         Unassigned  
P12               MSIO64PB3/USB_DATA2_D                         Unassigned  
P13               VSS                                           Reserved    
P14               VDD                                           Reserved    
P15               VSS                                           Reserved    
P16               VDD                                           Reserved    
P17               VSS                                           Reserved    
P18               VDD                                           Reserved    
P19               VSS                                           Reserved    
P20               VDD                                           Reserved    
P21               VSS                                           Reserved    
P22               VDDI18                                        Reserved    
P23               MSIO192PB18                                   Unassigned  
P24               MSIO192NB18                                   Unassigned  
P25               MSIO195NB18                                   Unassigned  
P26               MSIO195PB18                                   Unassigned  
P27               VDDI18                                        Reserved    
P28               MSIO198NB17                                   Unassigned  
P29               MSIO198PB17                                   Unassigned  
P30               MSIO199NB17                                   Unassigned  
P31               MSIO199PB17                                   Unassigned  
P32               VSS                                           Reserved    
P33               MSIO203PB17                                   Unassigned  
P34               MSIO208PB17                                   Unassigned  
R1                MSIO32PB5/USB_DATA4_B                         Unassigned  
R2                MSIO32NB5/USB_DATA5_B                         Unassigned  
R3                VSS                                           Reserved    
R4                MSIO38NB5                                     Unassigned  
R5                MSIO44PB4/CAN_RX/GPIO_3_A/USB_DATA1_A         Unassigned  
R6                MSIO44NB4/CAN_TX_EN_N/GPIO_4_A/USB_DATA2_A    Unassigned  
R7                MSIO52PB4/SPI_1_SS4/GPIO_17_A                 Unassigned  
R8                VDDI4                                         Reserved    
R9                MSIO54PB4/GPIO_25_A                           Unassigned  
R10               MSIO54NB4/GPIO_26_A                           Unassigned  
R11               MSIO57NB4/SPI_1_SS3/GPIO_16_A                 Unassigned  
R12               MSIO57PB4/SPI_1_SS2/GPIO_15_A                 Unassigned  
R13               VDDI4                                         Reserved    
R14               VSS                                           Reserved    
R15               VDD                                           Reserved    
R16               VSS                                           Reserved    
R17               VDD                                           Reserved    
R18               VSS                                           Reserved    
R19               VDD                                           Reserved    
R20               VSS                                           Reserved    
R21               VDD                                           Reserved    
R22               VSS                                           Reserved    
R23               MSIO200PB17                                   Unassigned  
R24               MSIO200NB17                                   Unassigned  
R25               MSIO202NB17                                   Unassigned  
R26               MSIO202PB17                                   Unassigned  
R27               MSIO204NB17                                   Unassigned  
R28               MSIO204PB17                                   Unassigned  
R29               VSS                                           Reserved    
R30               MSIO205NB17                                   Unassigned  
R31               MSIO205PB17                                   Unassigned  
R32               MSIO207NB17                                   Unassigned  
R33               MSIO207PB17                                   Unassigned  
R34               VDDI17                                        Reserved    
T1                VDDI5                                         Reserved    
T2                MSIO31PB5/USB_DATA2_B                         Unassigned  
T3                MSIO31NB5/USB_DATA3_B                         Unassigned  
T4                MSIO38PB5/GB13/CCC_SE1_CLKI0                  Special     
T5                MSIO37NB5                                     Unassigned  
T6                VSS                                           Reserved    
T7                MSIO41NB4                                     Unassigned  
T8                MSIO45NB4/I2C_1_SCL/GPIO_1_A/USB_DATA4_A      Unassigned  
T9                MSIO45PB4/I2C_1_SDA/GPIO_0_A/USB_DATA3_A      Unassigned  
T10               MSIO50NB4/SPI_1_SDI/GPIO_11_A                 Unassigned  
T11               MSIO50PB4/SPI_1_CLK                           Unassigned  
T12               MSIO46NB4/SPI_0_SDI/GPIO_5_A/USB_DIR_A        Unassigned  
T13               VSS                                           Reserved    
T14               VPP                                           Reserved    
T15               VSS                                           Reserved    
T16               VDD                                           Reserved    
T17               VSS                                           Reserved    
T18               VDD                                           Reserved    
T19               VSS                                           Reserved    
T20               VDD                                           Reserved    
T21               VSS                                           Reserved    
T22               VDDI17                                        Reserved    
T23               MSIO206PB17                                   Unassigned  
T24               MSIO206NB17                                   Unassigned  
T25               MSIO211NB17                                   Unassigned  
T26               VSS                                           Reserved    
T27               MSIO209NB17                                   Unassigned  
T28               MSIO209PB17                                   Unassigned  
T29               MSIO210NB17                                   Unassigned  
T30               MSIO210PB17                                   Unassigned  
T31               VDDI17                                        Reserved    
T32               MSIO212NB17                                   Unassigned  
T33               MSIO212PB17                                   Unassigned  
T34               MSIOD217NB16                                  Unassigned  
U1                MSIO26NB5/GPIO_28_A                           Unassigned  
U2                MSIO29PB5/USB_STP_B                           Unassigned  
U3                MSIO29NB5/USB_NXT_B                           Unassigned  
U4                VDDI5                                         Reserved    
U5                MSIO37PB5/GB9/CCC_SE0_CLKI0                   Special     
U6                MSIO33NB5                                     Unassigned  
U7                MSIO41PB4/GB10/CCC_SE0_CLKI1                  Special     
U8                MSIO36NB5                                     Unassigned  
U9                VSS                                           Reserved    
U10               MSIO42PB4/GB14/CCC_SE1_CLKI1                  Special     
U11               MSIO42NB4                                     Unassigned  
U12               MSIO46PB4/SPI_0_CLK/USB_XCLK_A                Unassigned  
U13               VDDI4                                         Reserved    
U14               VSS                                           Reserved    
U15               VDD                                           Reserved    
U16               VSS                                           Reserved    
U17               VDD                                           Reserved    
U18               VSS                                           Reserved    
U19               VDD                                           Reserved    
U20               VSS                                           Reserved    
U21               VDD                                           Reserved    
U22               VSS                                           Reserved    
U23               MSIO214PB17/GB2/CCC_NW0_CLKI1                 Special     
U24               MSIO214NB17                                   Unassigned  
U25               MSIO211PB17                                   Unassigned  
U26               MSIO216NB17                                   Unassigned  
U27               MSIO216PB17/CCC_NW0_CLKI0                     Special     
U28               VDDI17                                        Reserved    
U29               MSIO215PB17/CCC_NW1_CLKI0                     Special     
U30               MSIO215NB17                                   Unassigned  
U31               MSIO213PB17/GB6/CCC_NW1_CLKI1                 Special     
U32               MSIO213NB17                                   Unassigned  
U33               VSS                                           Reserved    
U34               MSIOD217PB16/GB5/CCC_SW1_CLKI1                Special     
V1                MSIO26PB5/GPIO_27_A                           Unassigned  
V2                VSS                                           Reserved    
V3                MSIO25NB5                                     Unassigned  
V4                MSIO30PB5/USB_DATA0_B                         Unassigned  
V5                MSIO30NB5/USB_DATA1_B                         Unassigned  
V6                MSIO33PB5/USB_DATA6_B                         Unassigned  
V7                VDDI5                                         Reserved    
V8                MSIO36PB5/CCC_NE1_CLKI0                       Special     
V9                MSIO34PB5                                     Unassigned  
V10               MSIO34NB5                                     Unassigned  
V11               MSIO35NB5                                     Unassigned  
V12               MSIO35PB5/CCC_NE0_CLKI0                       Special     
V13               VSS                                           Reserved    
V14               VPP                                           Reserved    
V15               VSS                                           Reserved    
V16               VDD                                           Reserved    
V17               VSS                                           Reserved    
V18               VDD                                           Reserved    
V19               VSS                                           Reserved    
V20               VDD                                           Reserved    
V21               VSS                                           Reserved    
V22               VDDI16                                        Reserved    
V23               MSIOD220PB16/CCC_SW0_CLKI0                    Special     
V24               MSIOD220NB16                                  Unassigned  
V25               VDDI16                                        Reserved    
V26               MSIOD222NB16                                  Unassigned  
V27               MSIOD222PB16                                  Unassigned  
V28               MSIOD223NB16                                  Unassigned  
V29               MSIOD223PB16                                  Unassigned  
V30               VSS                                           Reserved    
V31               MSIOD221NB16                                  Unassigned  
V32               MSIOD218PB16/GB1/CCC_SW0_CLKI1                Special     
V33               MSIOD218NB16                                  Unassigned  
V34               MSIOD219NB16                                  Unassigned  
W1                MSIO20PB5                                     Unassigned  
W2                MSIO20NB5                                     Unassigned  
W3                MSIO25PB5                                     Unassigned  
W4                MSIO24NB5                                     Unassigned  
W5                VSS                                           Reserved    
W6                MSIO23PB5                                     Unassigned  
W7                MSIO23NB5                                     Unassigned  
W8                MSIO27PB5                                     Unassigned  
W9                MSIO27NB5/USB_DATA7_B                         Unassigned  
W10               VDDI5                                         Reserved    
W11               MSIO28NB5/USB_DIR_B                           Unassigned  
W12               MSIO28PB5/USB_XCLK_B                          Unassigned  
W13               VDDI5                                         Reserved    
W14               VSS                                           Reserved    
W15               VDD                                           Reserved    
W16               VSS                                           Reserved    
W17               VDD                                           Reserved    
W18               VSS                                           Reserved    
W19               VDD                                           Reserved    
W20               VSS                                           Reserved    
W21               VDD                                           Reserved    
W22               VSS                                           Reserved    
W23               MSIOD227PB16                                  Unassigned  
W24               MSIOD227NB16                                  Unassigned  
W25               MSIOD229NB16                                  Unassigned  
W26               MSIOD229PB16                                  Unassigned  
W27               VSS                                           Reserved    
W28               MSIOD231NB16                                  Unassigned  
W29               MSIOD226PB16                                  Unassigned  
W30               MSIOD226NB16                                  Unassigned  
W31               MSIOD221PB16                                  Unassigned  
W32               VDDI16                                        Reserved    
W33               MSIOD224NB16                                  Unassigned  
W34               MSIOD219PB16/CCC_SW1_CLKI0                    Special     
Y1                MSIO19NB5                                     Unassigned  
Y2                MSIO19PB5                                     Unassigned  
Y3                VDDI5                                         Reserved    
Y4                MSIO24PB5                                     Unassigned  
Y5                MSIO18NB5                                     Unassigned  
Y6                MSIO18PB5                                     Unassigned  
Y7                MSIO15NB6                                     Unassigned  
Y8                VSS                                           Reserved    
Y9                MSIO22NB5                                     Unassigned  
Y10               MSIO22PB5                                     Unassigned  
Y11               MSIO21NB5                                     Unassigned  
Y12               MSIO21PB5                                     Unassigned  
Y13               VSS                                           Reserved    
Y14               VDD                                           Reserved    
Y15               VSS                                           Reserved    
Y16               VDD                                           Reserved    
Y17               VSS                                           Reserved    
Y18               VDD                                           Reserved    
Y19               VSS                                           Reserved    
Y20               VDD                                           Reserved    
Y21               VSS                                           Reserved    
Y22               CCC_SW1_PLL_VDDA                              Reserved    
Y23               MSIOD234PB16                                  Unassigned  
Y24               MSIOD234NB16                                  Unassigned  
Y25               MSIOD241NB16                                  Unassigned  
Y26               MSIOD235PB16                                  Unassigned  
Y27               MSIOD235NB16                                  Unassigned  
Y28               MSIOD231PB16                                  Unassigned  
Y29               VDDI16                                        Reserved    
Y30               MSIOD230PB16                                  Unassigned  
Y31               MSIOD230NB16                                  Unassigned  
Y32               MSIOD228NB16                                  Unassigned  
Y33               MSIOD224PB16                                  Unassigned  
Y34               VSS                                           Reserved    
