********************************************************************
I/O Bank Report - Date: Fri Apr 08 14:15:20 2016
Product: Designer
Release: v11.7
Version: 11.7.0.119
Design Name: TDR
Family: SmartFusion2
Die: M2S150
Package: 1152 FC
********************************************************************


I/O Function:

    Type                                  | w/o register  | w/ register  | w/ DDR register
    --------------------------------------|---------------|--------------|----------------
    Input I/O                             | 13            | 0            | 0
    Output I/O                            | 57            | 0            | 0
    Bidirectional I/O                     | 16            | 0            | 0
    Differential Input I/O Pairs          | 0             | 0            | 0
    Differential Output I/O Pairs         | 0             | 0            | 0

I/O Technology:

                                    |   Voltages    |             I/Os              
    --------------------------------|-------|-------|-------|--------|--------------
    I/O Standard(s)                 | Vddi  | Vref  | Input | Output | Bidirectional
    --------------------------------|-------|-------|-------|--------|--------------
    LVTTL                           | 3.30v | N/A   | 9     | 52     | 0            
    LVCMOS33                        | 3.30v | N/A   | 2     | 0      | 0            
    LVCMOS25                        | 2.50v | N/A   | 2     | 5      | 16           

I/O Bank Resource Usage:

          |   Voltages    | Single I/Os  | Diff I/O Pairs |        Vref I/Os        |  Type   
          |-------|-------|------|-------|-------|--------|------|-------|----------|---------
          | Vddi  | Vref  | Used | Total | Used  | Total  | Used | Total | Vref Pins|         
    ------|-------|-------|------|-------|-------|--------|------|-------|----------|---------
    Bank0 | 2.50v | 1.25v | 0    | 11    | 0     | 5      | 0    | 11    | 1        | MSIO    
    Bank1 | N/A   | N/A   | 0    | 88    | 0     | 44     | N/A  | N/A   | N/A      | DDRIO   
    Bank2 | N/A   | N/A   | 0    | 88    | 0     | 44     | N/A  | N/A   | N/A      | DDRIO   
    Bank3 | 3.30v | N/A   | 5    | 42    | 0     | 21     | N/A  | N/A   | N/A      | MSIO    
    Bank4 | 3.30v | N/A   | 9    | 44    | 0     | 22     | N/A  | N/A   | N/A      | MSIO    
    Bank5 | 3.30v | N/A   | 5    | 42    | 0     | 21     | N/A  | N/A   | N/A      | MSIO    
    Bank6 | 3.30v | N/A   | 22   | 30    | 0     | 15     | N/A  | N/A   | N/A      | MSIO    
    Bank7 | N/A   | N/A   | 0    | 0     | 0     | 0      | N/A  | N/A   | N/A      | JTAG    
    Bank8 | 3.30v | N/A   | 15   | 18    | 0     | 9      | N/A  | N/A   | N/A      | MSIO    
    Bank9 | 2.50v | N/A   | 4    | 4     | 0     | 2      | N/A  | N/A   | N/A      | MSIOD   
    Bank10| N/A   | N/A   | 0    | 4     | 0     | 2      | N/A  | N/A   | N/A      | MSIOD   
    Bank11| N/A   | N/A   | 0    | 8     | 0     | 4      | N/A  | N/A   | N/A      | MSIO    
    Bank12| N/A   | N/A   | 0    | 4     | 0     | 2      | N/A  | N/A   | N/A      | MSIOD   
    Bank13| N/A   | N/A   | 0    | 4     | 0     | 2      | N/A  | N/A   | N/A      | MSIOD   
    Bank14| N/A   | N/A   | 0    | 14    | 0     | 7      | N/A  | N/A   | N/A      | MSIO    
    Bank15| 2.50v | N/A   | 9    | 36    | 0     | 18     | N/A  | N/A   | N/A      | MSIOD   
    Bank16| 2.50v | N/A   | 10   | 54    | 0     | 27     | N/A  | N/A   | N/A      | MSIOD   
    Bank17| 3.30v | N/A   | 5    | 40    | 0     | 20     | N/A  | N/A   | N/A      | MSIO    
    Bank18| N/A   | N/A   | 0    | 42    | 0     | 21     | N/A  | N/A   | N/A      | MSIO    


I/O Voltage Usage:

       Voltages    |     I/Os     
    -------|-------|------|-------
     Vddi  | Vref  | Used | Total 
    -------|-------|------|-------
     2.50v | N/A   | 23   | 105   
     3.30v | N/A   | 63   | 216   
     2.50v | 1.25v | 0    | 11    

